<?xml version="1.0" encoding="UTF-8"?>
<testng-results skipped="0" failed="1" total="1" passed="0">
  <reporter-output>
  </reporter-output>
  <suite name="Default suite" duration-ms="732" started-at="2016-09-06T21:58:34Z" finished-at="2016-09-06T21:58:35Z">
    <groups>
      <group name="cucumber">
        <method signature="AbstractTestNGCucumberTests.feature(cucumber.api.testng.CucumberFeatureWrapper)[pri:0, instance:com.myretail.behavior.ServiceCucumberTest@57e1b0c]" name="feature" class="cucumber.api.testng.AbstractTestNGCucumberTests"/>
      </group> <!-- cucumber -->
    </groups>
    <test name="Default test" duration-ms="732" started-at="2016-09-06T21:58:34Z" finished-at="2016-09-06T21:58:35Z">
      <class name="com.myretail.behavior.ServiceCucumberTest">
        <test-method status="PASS" signature="beforeSuite()[pri:0, instance:com.myretail.behavior.ServiceCucumberTest@57e1b0c]" name="beforeSuite" is-config="true" duration-ms="7349" started-at="2016-09-06T17:58:27Z" finished-at="2016-09-06T17:58:34Z">
          <reporter-output>
          </reporter-output>
        </test-method> <!-- beforeSuite -->
        <test-method status="PASS" signature="setUpClass()[pri:0, instance:com.myretail.behavior.ServiceCucumberTest@57e1b0c]" name="setUpClass" is-config="true" duration-ms="506" started-at="2016-09-06T17:58:34Z" finished-at="2016-09-06T17:58:35Z">
          <reporter-output>
          </reporter-output>
        </test-method> <!-- setUpClass -->
        <test-method status="FAIL" signature="feature(cucumber.api.testng.CucumberFeatureWrapper)[pri:0, instance:com.myretail.behavior.ServiceCucumberTest@57e1b0c]" name="feature" duration-ms="24" started-at="2016-09-06T17:58:35Z" description="Runs Cucumber Feature" data-provider="features" finished-at="2016-09-06T17:58:35Z">
          <params>
            <param index="0">
              <value>
                <![CDATA[Product Service]]>
              </value>
            </param>
          </params>
          <exception class="cucumber.runtime.CucumberException">
            <message>
              <![CDATA[Failed to instantiate class com.myretail.behavior.MyRetailStepdefs]]>
            </message>
            <full-stacktrace>
              <![CDATA[cucumber.runtime.CucumberException: Failed to instantiate class com.myretail.behavior.MyRetailStepdefs
	at cucumber.runtime.java.DefaultJavaObjectFactory.cacheNewInstance(DefaultJavaObjectFactory.java:46)
	at cucumber.runtime.java.DefaultJavaObjectFactory.getInstance(DefaultJavaObjectFactory.java:32)
	at cucumber.runtime.java.JavaBackend.buildWorld(JavaBackend.java:131)
	at cucumber.runtime.Runtime.buildBackendWorlds(Runtime.java:140)
	at cucumber.runtime.model.CucumberScenario.run(CucumberScenario.java:38)
	at cucumber.runtime.model.CucumberFeature.run(CucumberFeature.java:165)
	at cucumber.api.testng.TestNGCucumberRunner.runCucumber(TestNGCucumberRunner.java:63)
	at cucumber.api.testng.AbstractTestNGCucumberTests.feature(AbstractTestNGCucumberTests.java:21)
	at sun.reflect.NativeMethodAccessorImpl.invoke0(Native Method)
	at sun.reflect.NativeMethodAccessorImpl.invoke(NativeMethodAccessorImpl.java:62)
	at sun.reflect.DelegatingMethodAccessorImpl.invoke(DelegatingMethodAccessorImpl.java:43)
	at java.lang.reflect.Method.invoke(Method.java:498)
	at org.testng.internal.MethodInvocationHelper.invokeMethod(MethodInvocationHelper.java:85)
	at org.testng.internal.Invoker.invokeMethod(Invoker.java:659)
	at org.testng.internal.Invoker.invokeTestMethod(Invoker.java:845)
	at org.testng.internal.Invoker.invokeTestMethods(Invoker.java:1153)
	at org.testng.internal.TestMethodWorker.invokeTestMethods(TestMethodWorker.java:125)
	at org.testng.internal.TestMethodWorker.run(TestMethodWorker.java:108)
	at org.testng.TestRunner.privateRun(TestRunner.java:771)
	at org.testng.TestRunner.run(TestRunner.java:621)
	at org.testng.SuiteRunner.runTest(SuiteRunner.java:357)
	at org.testng.SuiteRunner.runSequentially(SuiteRunner.java:352)
	at org.testng.SuiteRunner.privateRun(SuiteRunner.java:310)
	at org.testng.SuiteRunner.run(SuiteRunner.java:259)
	at org.testng.SuiteRunnerWorker.runSuite(SuiteRunnerWorker.java:52)
	at org.testng.SuiteRunnerWorker.run(SuiteRunnerWorker.java:86)
	at org.testng.TestNG.runSuitesSequentially(TestNG.java:1199)
	at org.testng.TestNG.runSuitesLocally(TestNG.java:1124)
	at org.testng.TestNG.run(TestNG.java:1032)
	at org.testng.remote.AbstractRemoteTestNG.run(AbstractRemoteTestNG.java:126)
	at org.testng.remote.RemoteTestNG.initAndRun(RemoteTestNG.java:152)
	at org.testng.remote.RemoteTestNG.main(RemoteTestNG.java:57)
Caused by: java.lang.reflect.InvocationTargetException
	at sun.reflect.NativeConstructorAccessorImpl.newInstance0(Native Method)
	at sun.reflect.NativeConstructorAccessorImpl.newInstance(NativeConstructorAccessorImpl.java:62)
	at sun.reflect.DelegatingConstructorAccessorImpl.newInstance(DelegatingConstructorAccessorImpl.java:45)
	at java.lang.reflect.Constructor.newInstance(Constructor.java:423)
	at cucumber.runtime.java.DefaultJavaObjectFactory.cacheNewInstance(DefaultJavaObjectFactory.java:40)
	... 31 more
Caused by: cucumber.runtime.CucumberException: java.lang.IllegalArgumentException: Wrong type at constant pool index
	at cucumber.runtime.java.JavaBackend.addStepDefinition(JavaBackend.java:164)
	at cucumber.api.java8.En.Given(En.java:190)
	at com.myretail.behavior.MyRetailStepdefs.<init>(MyRetailStepdefs.java:26)
	... 36 more
Caused by: java.lang.IllegalArgumentException: Wrong type at constant pool index
	at sun.reflect.ConstantPool.getMemberRefInfoAt0(Native Method)
	at sun.reflect.ConstantPool.getMemberRefInfoAt(ConstantPool.java:47)
	at cucumber.runtime.java8.ConstantPoolTypeIntrospector.getTypeString(ConstantPoolTypeIntrospector.java:37)
	at cucumber.runtime.java8.ConstantPoolTypeIntrospector.getGenericTypes(ConstantPoolTypeIntrospector.java:27)
	at cucumber.runtime.java.Java8StepDefinition.<init>(Java8StepDefinition.java:45)
	at cucumber.runtime.java.JavaBackend.addStepDefinition(JavaBackend.java:162)
	... 38 more
]]>
            </full-stacktrace>
          </exception> <!-- cucumber.runtime.CucumberException -->
          <reporter-output>
          </reporter-output>
        </test-method> <!-- feature -->
        <test-method status="PASS" signature="tearDownClass()[pri:0, instance:com.myretail.behavior.ServiceCucumberTest@57e1b0c]" name="tearDownClass" is-config="true" duration-ms="20" started-at="2016-09-06T17:58:35Z" finished-at="2016-09-06T17:58:35Z">
          <reporter-output>
          </reporter-output>
        </test-method> <!-- tearDownClass -->
        <test-method status="PASS" signature="afterSuite()[pri:0, instance:com.myretail.behavior.ServiceCucumberTest@57e1b0c]" name="afterSuite" is-config="true" duration-ms="0" started-at="2016-09-06T17:58:35Z" finished-at="2016-09-06T17:58:35Z">
          <reporter-output>
          </reporter-output>
        </test-method> <!-- afterSuite -->
      </class> <!-- com.myretail.behavior.ServiceCucumberTest -->
    </test> <!-- Default test -->
  </suite> <!-- Default suite -->
</testng-results>
